<?xml version="1.0" encoding="UTF-8"?>
<testng-results ignored="0" total="1" passed="1" failed="0" skipped="0">
  <reporter-output>
  </reporter-output>
  <suite started-at="2024-08-02T12:38:45 IST" name="Default suite" finished-at="2024-08-02T12:39:05 IST" duration-ms="20070">
    <groups>
    </groups>
    <test started-at="2024-08-02T12:38:45 IST" name="Default test" finished-at="2024-08-02T12:39:05 IST" duration-ms="20070">
      <class name="com.Selenium_ShopperStack_TestScripts.Verify_user_is_able_to_delete_address_or_not_Test">
        <test-method is-config="true" signature="beforeSuite()[pri:0, instance:com.Selenium_ShopperStack_TestScripts.Verify_user_is_able_to_delete_address_or_not_Test@327514f]" started-at="2024-08-02T12:38:45 IST" name="beforeSuite" finished-at="2024-08-02T12:38:45 IST" duration-ms="11" status="PASS">
          <reporter-output>
          </reporter-output>
        </test-method> <!-- beforeSuite -->
        <test-method is-config="true" signature="beforeTest()[pri:0, instance:com.Selenium_ShopperStack_TestScripts.Verify_user_is_able_to_delete_address_or_not_Test@327514f]" started-at="2024-08-02T12:38:45 IST" name="beforeTest" finished-at="2024-08-02T12:38:45 IST" duration-ms="191" status="PASS">
          <reporter-output>
          </reporter-output>
        </test-method> <!-- beforeTest -->
        <test-method is-config="true" signature="beforeClass()[pri:0, instance:com.Selenium_ShopperStack_TestScripts.Verify_user_is_able_to_delete_address_or_not_Test@327514f]" started-at="2024-08-02T12:38:45 IST" name="beforeClass" finished-at="2024-08-02T12:38:49 IST" duration-ms="3642" status="PASS">
          <reporter-output>
          </reporter-output>
        </test-method> <!-- beforeClass -->
        <test-method is-config="true" signature="beforeMethod()[pri:0, instance:com.Selenium_ShopperStack_TestScripts.Verify_user_is_able_to_delete_address_or_not_Test@327514f]" started-at="2024-08-02T12:38:49 IST" name="beforeMethod" finished-at="2024-08-02T12:38:55 IST" duration-ms="6261" status="PASS">
          <reporter-output>
          </reporter-output>
        </test-method> <!-- beforeMethod -->
        <test-method signature="deleteAddress()[pri:0, instance:com.Selenium_ShopperStack_TestScripts.Verify_user_is_able_to_delete_address_or_not_Test@327514f]" started-at="2024-08-02T12:38:55 IST" name="deleteAddress" finished-at="2024-08-02T12:39:01 IST" duration-ms="6117" status="PASS">
          <reporter-output>
          </reporter-output>
        </test-method> <!-- deleteAddress -->
        <test-method is-config="true" signature="afterMethod()[pri:0, instance:com.Selenium_ShopperStack_TestScripts.Verify_user_is_able_to_delete_address_or_not_Test@327514f]" started-at="2024-08-02T12:39:01 IST" name="afterMethod" finished-at="2024-08-02T12:39:02 IST" duration-ms="425" status="PASS">
          <reporter-output>
          </reporter-output>
        </test-method> <!-- afterMethod -->
        <test-method is-config="true" signature="afterClass()[pri:0, instance:com.Selenium_ShopperStack_TestScripts.Verify_user_is_able_to_delete_address_or_not_Test@327514f]" started-at="2024-08-02T12:39:02 IST" name="afterClass" finished-at="2024-08-02T12:39:05 IST" duration-ms="3167" status="PASS">
          <reporter-output>
          </reporter-output>
        </test-method> <!-- afterClass -->
        <test-method is-config="true" signature="afterTest()[pri:0, instance:com.Selenium_ShopperStack_TestScripts.Verify_user_is_able_to_delete_address_or_not_Test@327514f]" started-at="2024-08-02T12:39:05 IST" name="afterTest" finished-at="2024-08-02T12:39:05 IST" duration-ms="236" status="PASS">
          <reporter-output>
          </reporter-output>
        </test-method> <!-- afterTest -->
        <test-method is-config="true" signature="afterSuite()[pri:0, instance:com.Selenium_ShopperStack_TestScripts.Verify_user_is_able_to_delete_address_or_not_Test@327514f]" started-at="2024-08-02T12:39:05 IST" name="afterSuite" finished-at="2024-08-02T12:39:05 IST" duration-ms="1" status="PASS">
          <reporter-output>
          </reporter-output>
        </test-method> <!-- afterSuite -->
      </class> <!-- com.Selenium_ShopperStack_TestScripts.Verify_user_is_able_to_delete_address_or_not_Test -->
    </test> <!-- Default test -->
  </suite> <!-- Default suite -->
</testng-results>
