<?xml version="1.0" encoding="UTF-8"?>
<testng-results ignored="0" total="2" passed="2" failed="0" skipped="0">
  <reporter-output>
  </reporter-output>
  <suite started-at="2024-07-30T09:41:23 IST" name="Surefire suite" finished-at="2024-07-30T09:42:09 IST" duration-ms="46007">
    <groups>
    </groups>
    <test started-at="2024-07-30T09:41:23 IST" name="Surefire test" finished-at="2024-07-30T09:42:09 IST" duration-ms="46007">
      <class name="com.Selenium_ShopperStack_TestScripts.Verify_user_is_able_to_delete_address_or_not_Test">
        <test-method is-config="true" signature="beforeClass()[pri:0, instance:com.Selenium_ShopperStack_TestScripts.Verify_user_is_able_to_delete_address_or_not_Test@769f71a9]" started-at="2024-07-30T09:41:46 IST" name="beforeClass" finished-at="2024-07-30T09:41:50 IST" duration-ms="4335" status="PASS">
          <reporter-output>
          </reporter-output>
        </test-method> <!-- beforeClass -->
        <test-method is-config="true" signature="beforeMethod()[pri:0, instance:com.Selenium_ShopperStack_TestScripts.Verify_user_is_able_to_delete_address_or_not_Test@769f71a9]" started-at="2024-07-30T09:41:50 IST" name="beforeMethod" finished-at="2024-07-30T09:41:58 IST" duration-ms="8072" status="PASS">
          <reporter-output>
          </reporter-output>
        </test-method> <!-- beforeMethod -->
        <test-method signature="deleteAddress()[pri:0, instance:com.Selenium_ShopperStack_TestScripts.Verify_user_is_able_to_delete_address_or_not_Test@769f71a9]" started-at="2024-07-30T09:41:58 IST" name="deleteAddress" finished-at="2024-07-30T09:42:05 IST" duration-ms="6588" status="PASS">
          <reporter-output>
          </reporter-output>
        </test-method> <!-- deleteAddress -->
        <test-method is-config="true" signature="afterMethod()[pri:0, instance:com.Selenium_ShopperStack_TestScripts.Verify_user_is_able_to_delete_address_or_not_Test@769f71a9]" started-at="2024-07-30T09:42:05 IST" name="afterMethod" finished-at="2024-07-30T09:42:05 IST" duration-ms="502" status="PASS">
          <reporter-output>
          </reporter-output>
        </test-method> <!-- afterMethod -->
        <test-method is-config="true" signature="afterClass()[pri:0, instance:com.Selenium_ShopperStack_TestScripts.Verify_user_is_able_to_delete_address_or_not_Test@769f71a9]" started-at="2024-07-30T09:42:05 IST" name="afterClass" finished-at="2024-07-30T09:42:09 IST" duration-ms="3302" status="PASS">
          <reporter-output>
          </reporter-output>
        </test-method> <!-- afterClass -->
      </class> <!-- com.Selenium_ShopperStack_TestScripts.Verify_user_is_able_to_delete_address_or_not_Test -->
      <class name="com.Selenium_ShopperStack_TestScripts.Verify_user_is_able_to_add_address_or_not_Test">
        <test-method is-config="true" signature="beforeSuite()[pri:0, instance:com.Selenium_ShopperStack_TestScripts.Verify_user_is_able_to_add_address_or_not_Test@1d119efb]" started-at="2024-07-30T09:41:23 IST" name="beforeSuite" finished-at="2024-07-30T09:41:23 IST" duration-ms="16" status="PASS">
          <reporter-output>
          </reporter-output>
        </test-method> <!-- beforeSuite -->
        <test-method is-config="true" signature="beforeTest()[pri:0, instance:com.Selenium_ShopperStack_TestScripts.Verify_user_is_able_to_add_address_or_not_Test@1d119efb]" started-at="2024-07-30T09:41:23 IST" name="beforeTest" finished-at="2024-07-30T09:41:24 IST" duration-ms="189" status="PASS">
          <reporter-output>
          </reporter-output>
        </test-method> <!-- beforeTest -->
        <test-method is-config="true" signature="beforeClass()[pri:0, instance:com.Selenium_ShopperStack_TestScripts.Verify_user_is_able_to_add_address_or_not_Test@1d119efb]" started-at="2024-07-30T09:41:24 IST" name="beforeClass" finished-at="2024-07-30T09:41:28 IST" duration-ms="4527" status="PASS">
          <reporter-output>
          </reporter-output>
        </test-method> <!-- beforeClass -->
        <test-method is-config="true" signature="beforeMethod()[pri:0, instance:com.Selenium_ShopperStack_TestScripts.Verify_user_is_able_to_add_address_or_not_Test@1d119efb]" started-at="2024-07-30T09:41:28 IST" name="beforeMethod" finished-at="2024-07-30T09:41:36 IST" duration-ms="8358" status="PASS">
          <reporter-output>
          </reporter-output>
        </test-method> <!-- beforeMethod -->
        <test-method signature="addAddress()[pri:0, instance:com.Selenium_ShopperStack_TestScripts.Verify_user_is_able_to_add_address_or_not_Test@1d119efb]" started-at="2024-07-30T09:41:36 IST" name="addAddress" finished-at="2024-07-30T09:41:42 IST" duration-ms="5409" status="PASS">
          <reporter-output>
          </reporter-output>
        </test-method> <!-- addAddress -->
        <test-method is-config="true" signature="afterMethod()[pri:0, instance:com.Selenium_ShopperStack_TestScripts.Verify_user_is_able_to_add_address_or_not_Test@1d119efb]" started-at="2024-07-30T09:41:42 IST" name="afterMethod" finished-at="2024-07-30T09:41:42 IST" duration-ms="563" status="PASS">
          <reporter-output>
          </reporter-output>
        </test-method> <!-- afterMethod -->
        <test-method is-config="true" signature="afterClass()[pri:0, instance:com.Selenium_ShopperStack_TestScripts.Verify_user_is_able_to_add_address_or_not_Test@1d119efb]" started-at="2024-07-30T09:41:42 IST" name="afterClass" finished-at="2024-07-30T09:41:46 IST" duration-ms="3279" status="PASS">
          <reporter-output>
          </reporter-output>
        </test-method> <!-- afterClass -->
        <test-method is-config="true" signature="afterTest()[pri:0, instance:com.Selenium_ShopperStack_TestScripts.Verify_user_is_able_to_add_address_or_not_Test@1d119efb]" started-at="2024-07-30T09:42:09 IST" name="afterTest" finished-at="2024-07-30T09:42:09 IST" duration-ms="823" status="PASS">
          <reporter-output>
          </reporter-output>
        </test-method> <!-- afterTest -->
        <test-method is-config="true" signature="afterSuite()[pri:0, instance:com.Selenium_ShopperStack_TestScripts.Verify_user_is_able_to_add_address_or_not_Test@1d119efb]" started-at="2024-07-30T09:42:09 IST" name="afterSuite" finished-at="2024-07-30T09:42:09 IST" duration-ms="0" status="PASS">
          <reporter-output>
          </reporter-output>
        </test-method> <!-- afterSuite -->
      </class> <!-- com.Selenium_ShopperStack_TestScripts.Verify_user_is_able_to_add_address_or_not_Test -->
    </test> <!-- Surefire test -->
  </suite> <!-- Surefire suite -->
</testng-results>
