<?xml version="1.0" encoding="UTF-8"?>
<!-- Generated by org.testng.reporters.JUnitXMLReporter -->
<testsuite ignored="4" hostname="LAPTOP-I74KHQSU" failures="0" tests="2" name="Surefire test" time="46.007" errors="0" timestamp="2024-07-30T09:42:09 IST">
  <testcase classname="com.Selenium_ShopperStack_TestScripts.Verify_user_is_able_to_add_address_or_not_Test" name="addAddress" time="5.409"/>
  <testcase classname="com.Selenium_ShopperStack_TestScripts.Verify_user_is_able_to_delete_address_or_not_Test" name="deleteAddress" time="6.588"/>
  <testcase classname="com.Selenium_ShopperStack_GenericUtility.Base_Test" name="@BeforeSuite beforeSuite" time="0.0">
    <ignored/>
  </testcase> <!-- @BeforeSuite beforeSuite -->
  <testcase classname="com.Selenium_ShopperStack_GenericUtility.Base_Test" name="@BeforeTest beforeTest" time="0.0">
    <ignored/>
  </testcase> <!-- @BeforeTest beforeTest -->
  <testcase classname="com.Selenium_ShopperStack_GenericUtility.Base_Test" name="@AfterSuite afterSuite" time="0.0">
    <ignored/>
  </testcase> <!-- @AfterSuite afterSuite -->
  <testcase classname="com.Selenium_ShopperStack_GenericUtility.Base_Test" name="@AfterTest afterTest" time="0.0">
    <ignored/>
  </testcase> <!-- @AfterTest afterTest -->
</testsuite> <!-- Surefire test -->
